# JRE version: Java(TM) SE Runtime Environment (8.0_281-b09) (build 1.8.0_281-b09)
# Java VM: Java HotSpot(TM) 64-Bit Server VM (25.281-b09 mixed mode windows-amd64 compressed oops)
Heap:
 PSYoungGen      total 28672K, used 8114K [0x00000000e0a00000, 0x00000000e2a00000, 0x0000000100000000)
  eden space 24576K, 18% used [0x00000000e0a00000,0x00000000e0e55da0,0x00000000e2200000)
  from space 4096K, 89% used [0x00000000e2600000,0x00000000e2996d30,0x00000000e2a00000)
  to   space 4096K, 0% used [0x00000000e2200000,0x00000000e2200000,0x00000000e2600000)
 ParOldGen       total 41984K, used 3822K [0x00000000a1e00000, 0x00000000a4700000, 0x00000000e0a00000)
  object space 41984K, 9% used [0x00000000a1e00000,0x00000000a21bb878,0x00000000a4700000)
 Metaspace       used 14508K, capacity 14746K, committed 14976K, reserved 1062912K
  class space    used 1781K, capacity 1878K, committed 1920K, reserved 1048576K
GC Heap History (10 events):
Event: 0.570 GC heap before
{Heap before GC invocations=1 (full 0):
 PSYoungGen      total 28672K, used 24576K [0x00000000e0a00000, 0x00000000e2a00000, 0x0000000100000000)
  eden space 24576K, 100% used [0x00000000e0a00000,0x00000000e2200000,0x00000000e2200000)
  from space 4096K, 0% used [0x00000000e2600000,0x00000000e2600000,0x00000000e2a00000)
  to   space 4096K, 0% used [0x00000000e2200000,0x00000000e2200000,0x00000000e2600000)
 ParOldGen       total 65536K, used 0K [0x00000000a1e00000, 0x00000000a5e00000, 0x00000000e0a00000)
  object space 65536K, 0% used [0x00000000a1e00000,0x00000000a1e00000,0x00000000a5e00000)
 Metaspace       used 7790K, capacity 7920K, committed 8192K, reserved 1056768K
  class space    used 934K, capacity 984K, committed 1024K, reserved 1048576K
Event: 0.576 GC heap after
Heap after GC invocations=1 (full 0):
 PSYoungGen      total 28672K, used 4092K [0x00000000e0a00000, 0x00000000e2a00000, 0x0000000100000000)
  eden space 24576K, 0% used [0x00000000e0a00000,0x00000000e0a00000,0x00000000e2200000)
  from space 4096K, 99% used [0x00000000e2200000,0x00000000e25ff3d0,0x00000000e2600000)
  to   space 4096K, 0% used [0x00000000e2600000,0x00000000e2600000,0x00000000e2a00000)
 ParOldGen       total 65536K, used 443K [0x00000000a1e00000, 0x00000000a5e00000, 0x00000000e0a00000)
  object space 65536K, 0% used [0x00000000a1e00000,0x00000000a1e6ec18,0x00000000a5e00000)
 Metaspace       used 7790K, capacity 7920K, committed 8192K, reserved 1056768K
  class space    used 934K, capacity 984K, committed 1024K, reserved 1048576K
}
Event: 0.847 GC heap before
{Heap before GC invocations=2 (full 0):
 PSYoungGen      total 28672K, used 28668K [0x00000000e0a00000, 0x00000000e2a00000, 0x0000000100000000)
  eden space 24576K, 100% used [0x00000000e0a00000,0x00000000e2200000,0x00000000e2200000)
  from space 4096K, 99% used [0x00000000e2200000,0x00000000e25ff3d0,0x00000000e2600000)
  to   space 4096K, 0% used [0x00000000e2600000,0x00000000e2600000,0x00000000e2a00000)
 ParOldGen       total 65536K, used 443K [0x00000000a1e00000, 0x00000000a5e00000, 0x00000000e0a00000)
  object space 65536K, 0% used [0x00000000a1e00000,0x00000000a1e6ec18,0x00000000a5e00000)
 Metaspace       used 9582K, capacity 9710K, committed 9984K, reserved 1058816K
  class space    used 1149K, capacity 1214K, committed 1280K, reserved 1048576K
Event: 0.852 GC heap after
Heap after GC invocations=2 (full 0):
 PSYoungGen      total 28672K, used 4088K [0x00000000e0a00000, 0x00000000e2a00000, 0x0000000100000000)
  eden space 24576K, 0% used [0x00000000e0a00000,0x00000000e0a00000,0x00000000e2200000)
  from space 4096K, 99% used [0x00000000e2600000,0x00000000e29fe2e8,0x00000000e2a00000)
  to   space 4096K, 0% used [0x00000000e2200000,0x00000000e2200000,0x00000000e2600000)
 ParOldGen       total 65536K, used 1053K [0x00000000a1e00000, 0x00000000a5e00000, 0x00000000e0a00000)
  object space 65536K, 1% used [0x00000000a1e00000,0x00000000a1f07718,0x00000000a5e00000)
 Metaspace       used 9582K, capacity 9710K, committed 9984K, reserved 1058816K
  class space    used 1149K, capacity 1214K, committed 1280K, reserved 1048576K
}
Event: 0.990 GC heap before
{Heap before GC invocations=3 (full 0):
 PSYoungGen      total 28672K, used 16550K [0x00000000e0a00000, 0x00000000e2a00000, 0x0000000100000000)
  eden space 24576K, 50% used [0x00000000e0a00000,0x00000000e162b7b8,0x00000000e2200000)
  from space 4096K, 99% used [0x00000000e2600000,0x00000000e29fe2e8,0x00000000e2a00000)
  to   space 4096K, 0% used [0x00000000e2200000,0x00000000e2200000,0x00000000e2600000)
 ParOldGen       total 65536K, used 1053K [0x00000000a1e00000, 0x00000000a5e00000, 0x00000000e0a00000)
  object space 65536K, 1% used [0x00000000a1e00000,0x00000000a1f07718,0x00000000a5e00000)
 Metaspace       used 10953K, capacity 11096K, committed 11136K, reserved 1060864K
  class space    used 1332K, capacity 1380K, committed 1408K, reserved 1048576K
Event: 0.993 GC heap after
Heap after GC invocations=3 (full 0):
 PSYoungGen      total 28672K, used 3938K [0x00000000e0a00000, 0x00000000e2a00000, 0x0000000100000000)
  eden space 24576K, 0% used [0x00000000e0a00000,0x00000000e0a00000,0x00000000e2200000)
  from space 4096K, 96% used [0x00000000e2200000,0x00000000e25d88f0,0x00000000e2600000)
  to   space 4096K, 0% used [0x00000000e2600000,0x00000000e2600000,0x00000000e2a00000)
 ParOldGen       total 65536K, used 1061K [0x00000000a1e00000, 0x00000000a5e00000, 0x00000000e0a00000)
  object space 65536K, 1% used [0x00000000a1e00000,0x00000000a1f09718,0x00000000a5e00000)
 Metaspace       used 10953K, capacity 11096K, committed 11136K, reserved 1060864K
  class space    used 1332K, capacity 1380K, committed 1408K, reserved 1048576K
}
Event: 0.993 GC heap before
{Heap before GC invocations=4 (full 1):
 PSYoungGen      total 28672K, used 3938K [0x00000000e0a00000, 0x00000000e2a00000, 0x0000000100000000)
  eden space 24576K, 0% used [0x00000000e0a00000,0x00000000e0a00000,0x00000000e2200000)
  from space 4096K, 96% used [0x00000000e2200000,0x00000000e25d88f0,0x00000000e2600000)
  to   space 4096K, 0% used [0x00000000e2600000,0x00000000e2600000,0x00000000e2a00000)
 ParOldGen       total 65536K, used 1061K [0x00000000a1e00000, 0x00000000a5e00000, 0x00000000e0a00000)
  object space 65536K, 1% used [0x00000000a1e00000,0x00000000a1f09718,0x00000000a5e00000)
 Metaspace       used 10953K, capacity 11096K, committed 11136K, reserved 1060864K
  class space    used 1332K, capacity 1380K, committed 1408K, reserved 1048576K
Event: 1.010 GC heap after
Heap after GC invocations=4 (full 1):
 PSYoungGen      total 28672K, used 0K [0x00000000e0a00000, 0x00000000e2a00000, 0x0000000100000000)
  eden space 24576K, 0% used [0x00000000e0a00000,0x00000000e0a00000,0x00000000e2200000)
  from space 4096K, 0% used [0x00000000e2200000,0x00000000e2200000,0x00000000e2600000)
  to   space 4096K, 0% used [0x00000000e2600000,0x00000000e2600000,0x00000000e2a00000)
 ParOldGen       total 41984K, used 3814K [0x00000000a1e00000, 0x00000000a4700000, 0x00000000e0a00000)
  object space 41984K, 9% used [0x00000000a1e00000,0x00000000a21b9878,0x00000000a4700000)
 Metaspace       used 10953K, capacity 11096K, committed 11136K, reserved 1060864K
  class space    used 1332K, capacity 1380K, committed 1408K, reserved 1048576K
}
Event: 1.490 GC heap before
{Heap before GC invocations=5 (full 1):
 PSYoungGen      total 28672K, used 24576K [0x00000000e0a00000, 0x00000000e2a00000, 0x0000000100000000)
  eden space 24576K, 100% used [0x00000000e0a00000,0x00000000e2200000,0x00000000e2200000)
  from space 4096K, 0% used [0x00000000e2200000,0x00000000e2200000,0x00000000e2600000)
  to   space 4096K, 0% used [0x00000000e2600000,0x00000000e2600000,0x00000000e2a00000)
 ParOldGen       total 41984K, used 3814K [0x00000000a1e00000, 0x00000000a4700000, 0x00000000e0a00000)
  object space 41984K, 9% used [0x00000000a1e00000,0x00000000a21b9878,0x00000000a4700000)
 Metaspace       used 13927K, capacity 14200K, committed 14464K, reserved 1062912K
  class space    used 1728K, capacity 1844K, committed 1920K, reserved 1048576K
Event: 1.495 GC heap after
Heap after GC invocations=5 (full 1):
 PSYoungGen      total 28672K, used 3675K [0x00000000e0a00000, 0x00000000e2a00000, 0x0000000100000000)
  eden space 24576K, 0% used [0x00000000e0a00000,0x00000000e0a00000,0x00000000e2200000)
  from space 4096K, 89% used [0x00000000e2600000,0x00000000e2996d30,0x00000000e2a00000)
  to   space 4096K, 0% used [0x00000000e2200000,0x00000000e2200000,0x00000000e2600000)
 ParOldGen       total 41984K, used 3822K [0x00000000a1e00000, 0x00000000a4700000, 0x00000000e0a00000)
  object space 41984K, 9% used [0x00000000a1e00000,0x00000000a21bb878,0x00000000a4700000)
 Metaspace       used 13927K, capacity 14200K, committed 14464K, reserved 1062912K
  class space    used 1728K, capacity 1844K, committed 1920K, reserved 1048576K
}

